<?xml version="1.0" encoding="UTF-8"?>
<testng-results ignored="0" total="1" passed="1" failed="0" skipped="0">
  <reporter-output>
  </reporter-output>
  <suite started-at="2021-05-06T00:35:20 IST" name="Default suite" finished-at="2021-05-06T00:35:55 IST" duration-ms="34929">
    <groups>
    </groups>
    <test started-at="2021-05-06T00:35:20 IST" name="Default test" finished-at="2021-05-06T00:35:55 IST" duration-ms="34929">
      <class name="com.crm.vtiger.testcases.TC_2_creatNewLeadbByfillAllTheFieldsAndSave_Test">
        <test-method is-config="true" signature="configBS()[pri:0, instance:com.crm.vtiger.testcases.TC_2_creatNewLeadbByfillAllTheFieldsAndSave_Test@4facf68f]" started-at="2021-05-06T00:35:20 IST" name="configBS" finished-at="2021-05-06T00:35:20 IST" duration-ms="15" status="PASS">
          <reporter-output>
          </reporter-output>
        </test-method> <!-- configBS -->
        <test-method is-config="true" signature="configBT()[pri:0, instance:com.crm.vtiger.testcases.TC_2_creatNewLeadbByfillAllTheFieldsAndSave_Test@4facf68f]" started-at="2021-05-06T00:35:20 IST" name="configBT" finished-at="2021-05-06T00:35:20 IST" duration-ms="1" status="PASS">
          <reporter-output>
          </reporter-output>
        </test-method> <!-- configBT -->
        <test-method is-config="true" signature="configBC()[pri:0, instance:com.crm.vtiger.testcases.TC_2_creatNewLeadbByfillAllTheFieldsAndSave_Test@4facf68f]" started-at="2021-05-06T00:35:20 IST" name="configBC" finished-at="2021-05-06T00:35:23 IST" duration-ms="3075" status="PASS">
          <reporter-output>
          </reporter-output>
        </test-method> <!-- configBC -->
        <test-method is-config="true" signature="setUp()[pri:0, instance:com.crm.vtiger.testcases.TC_2_creatNewLeadbByfillAllTheFieldsAndSave_Test@4facf68f]" started-at="2021-05-06T00:35:23 IST" name="setUp" finished-at="2021-05-06T00:35:31 IST" duration-ms="8143" status="PASS">
          <reporter-output>
          </reporter-output>
        </test-method> <!-- setUp -->
        <test-method signature="creatNewLeadbByfillAllTheFieldsAndSave()[pri:0, instance:com.crm.vtiger.testcases.TC_2_creatNewLeadbByfillAllTheFieldsAndSave_Test@4facf68f]" started-at="2021-05-06T00:35:31 IST" name="creatNewLeadbByfillAllTheFieldsAndSave" finished-at="2021-05-06T00:35:51 IST" duration-ms="19673" status="PASS">
          <reporter-output>
          </reporter-output>
        </test-method> <!-- creatNewLeadbByfillAllTheFieldsAndSave -->
        <test-method is-config="true" signature="tearDown()[pri:0, instance:com.crm.vtiger.testcases.TC_2_creatNewLeadbByfillAllTheFieldsAndSave_Test@4facf68f]" started-at="2021-05-06T00:35:51 IST" name="tearDown" finished-at="2021-05-06T00:35:54 IST" duration-ms="2823" status="PASS">
          <reporter-output>
          </reporter-output>
        </test-method> <!-- tearDown -->
        <test-method is-config="true" signature="configAC()[pri:0, instance:com.crm.vtiger.testcases.TC_2_creatNewLeadbByfillAllTheFieldsAndSave_Test@4facf68f]" started-at="2021-05-06T00:35:54 IST" name="configAC" finished-at="2021-05-06T00:35:55 IST" duration-ms="1142" status="PASS">
          <reporter-output>
          </reporter-output>
        </test-method> <!-- configAC -->
        <test-method is-config="true" signature="configAT()[pri:0, instance:com.crm.vtiger.testcases.TC_2_creatNewLeadbByfillAllTheFieldsAndSave_Test@4facf68f]" started-at="2021-05-06T00:35:55 IST" name="configAT" finished-at="2021-05-06T00:35:55 IST" duration-ms="1" status="PASS">
          <reporter-output>
          </reporter-output>
        </test-method> <!-- configAT -->
        <test-method is-config="true" signature="configAS()[pri:0, instance:com.crm.vtiger.testcases.TC_2_creatNewLeadbByfillAllTheFieldsAndSave_Test@4facf68f]" started-at="2021-05-06T00:35:55 IST" name="configAS" finished-at="2021-05-06T00:35:55 IST" duration-ms="1" status="PASS">
          <reporter-output>
          </reporter-output>
        </test-method> <!-- configAS -->
      </class> <!-- com.crm.vtiger.testcases.TC_2_creatNewLeadbByfillAllTheFieldsAndSave_Test -->
    </test> <!-- Default test -->
  </suite> <!-- Default suite -->
</testng-results>
